
> sistema-juridico@0.1.0 dev
> ts-node --transpile-only -r tsconfig-paths/register -O "{\"module\":\"commonjs\",\"moduleResolution\":\"node\"}" server.ts dev

Creating turbopack project {
  dir: 'C:\\Users\\dougc\\Documents\\Sistema Juridico ADV',
  testMode: true
}
[Scheduler] Initializing cron jobs...
[Scheduler] Cron jobs initialized successfully
[WhatsApp Handler] Registering message handlers...
[WhatsApp Handler] Message handlers registered.
[server] ready on http://0.0.0.0:3000 (dev)
 GET / 200 in 4.2s (compile: 3.1s, proxy.ts: 318ms, render: 790ms)
 POST /api/jobs/process 200 in 1607ms (compile: 1313ms, proxy.ts: 5ms, render: 289ms)
 GET / 200 in 164ms (compile: 7ms, proxy.ts: 6ms, render: 151ms)
 GET / 200 in 163ms (compile: 24ms, proxy.ts: 5ms, render: 134ms)
 GET / 200 in 60ms (compile: 4ms, proxy.ts: 3ms, render: 53ms)
 GET / 200 in 63ms (compile: 3ms, proxy.ts: 3ms, render: 56ms)
 POST /api/jobs/demandas 200 in 1950ms (compile: 1862ms, proxy.ts: 4ms, render: 84ms)
 POST /api/jobs/operacoes 200 in 1978ms (compile: 1332ms, proxy.ts: 4ms, render: 642ms)
[Scheduler] Operações: 0 movidos, 2 conv SLA, 4 atend SLA
 GET / 200 in 128ms (compile: 4ms, proxy.ts: 3ms, render: 121ms)
 GET / 200 in 106ms (compile: 5ms, proxy.ts: 32ms, render: 69ms)
 POST /api/jobs/process 200 in 24ms (compile: 3ms, proxy.ts: 4ms, render: 16ms)
 GET / 200 in 57ms (compile: 3ms, proxy.ts: 3ms, render: 51ms)
 POST /api/jobs/process 200 in 18ms (compile: 1471µs, proxy.ts: 3ms, render: 14ms)
 POST /api/jobs/process 200 in 37ms (compile: 10ms, proxy.ts: 5ms, render: 21ms)
 POST /api/jobs/demandas 200 in 40ms (compile: 4ms, proxy.ts: 6ms, render: 31ms)
 POST /api/jobs/process 200 in 25ms (compile: 3ms, proxy.ts: 5ms, render: 17ms)
 POST /api/jobs/process 200 in 21ms (compile: 2ms, proxy.ts: 3ms, render: 15ms)
 POST /api/jobs/demandas 200 in 39ms (compile: 3ms, proxy.ts: 4ms, render: 32ms)
 POST /api/jobs/automacao-nacional 200 in 1709ms (compile: 1692ms, proxy.ts: 4ms, render: 14ms)
 POST /api/jobs/process 200 in 21ms (compile: 3ms, proxy.ts: 3ms, render: 15ms)
 POST /api/jobs/process 200 in 18ms (compile: 1547µs, proxy.ts: 3ms, render: 14ms)
 POST /api/jobs/publicacoes 200 in 709ms (compile: 690ms, proxy.ts: 4ms, render: 15ms)
 POST /api/jobs/process 200 in 712ms (compile: 8ms, proxy.ts: 5ms, render: 699ms)
 POST /api/jobs/demandas 200 in 714ms (compile: 5ms, proxy.ts: 4ms, render: 705ms)
 POST /api/jobs/process 200 in 18ms (compile: 1568µs, proxy.ts: 2ms, render: 14ms)
 POST /api/jobs/process 200 in 19ms (compile: 3ms, proxy.ts: 3ms, render: 14ms)
 GET / 200 in 61ms (compile: 3ms, proxy.ts: 4ms, render: 54ms)
 POST /api/jobs/demandas 200 in 22ms (compile: 2ms, proxy.ts: 3ms, render: 17ms)
 POST /api/jobs/process 200 in 36ms (compile: 3ms, proxy.ts: 4ms, render: 29ms)
✓ Compiled in 288ms
 GET / 200 in 1393ms (compile: 1353ms, proxy.ts: 3ms, render: 37ms)
✓ Compiled in 795ms
 GET / 200 in 893ms (compile: 4ms, proxy.ts: 4ms, render: 884ms)
 GET / 200 in 63ms (compile: 4ms, proxy.ts: 3ms, render: 57ms)
 POST /api/jobs/process 200 in 23ms (compile: 2ms, proxy.ts: 3ms, render: 17ms)
 GET / 200 in 58ms (compile: 2ms, proxy.ts: 3ms, render: 52ms)
 GET / 200 in 53ms (compile: 2ms, proxy.ts: 3ms, render: 48ms)
 POST /api/jobs/automacao-nacional 200 in 27ms (compile: 4ms, proxy.ts: 5ms, render: 18ms)
 POST /api/jobs/process 200 in 29ms (compile: 6ms, proxy.ts: 5ms, render: 17ms)
 POST /api/jobs/demandas 200 in 30ms (compile: 8ms, proxy.ts: 5ms, render: 17ms)
✓ Compiled in 753ms
 GET / 200 in 70ms (compile: 2ms, proxy.ts: 3ms, render: 65ms)
 GET / 200 in 17ms (compile: 2ms, proxy.ts: 3ms, render: 11ms)
 POST /api/jobs/process 200 in 20ms (compile: 2ms, proxy.ts: 3ms, render: 14ms)
✓ Compiled in 211ms
✓ Compiled in 272ms
✓ Compiled in 779ms
 GET / 500 in 928ms (compile: 867ms, proxy.ts: 2ms, render: 59ms)
 GET / 500 in 30ms (compile: 20ms, proxy.ts: 2ms, render: 8ms)
 GET / 200 in 1460ms (compile: 1428ms, proxy.ts: 3ms, render: 30ms)
 GET / 200 in 826ms (compile: 2ms, proxy.ts: 2ms, render: 821ms)
 GET / 200 in 69ms (compile: 3ms, proxy.ts: 2ms, render: 64ms)
 POST /api/jobs/process 200 in 21ms (compile: 1933µs, proxy.ts: 4ms, render: 16ms)
 GET / 200 in 58ms (compile: 3ms, proxy.ts: 2ms, render: 53ms)
 POST /api/jobs/demandas 200 in 22ms (compile: 1620µs, proxy.ts: 3ms, render: 17ms)
 GET / 200 in 52ms (compile: 3ms, proxy.ts: 2ms, render: 47ms)
 POST /api/jobs/process 200 in 18ms (compile: 1765µs, proxy.ts: 2ms, render: 14ms)
✓ Compiled in 192ms
✓ Compiled in 191ms
 POST /api/jobs/process 200 in 23ms (compile: 2ms, proxy.ts: 4ms, render: 17ms)
✓ Compiled in 268ms
 GET / 200 in 1536ms (compile: 1482ms, proxy.ts: 3ms, render: 51ms)
✓ Compiled in 786ms
 POST /api/jobs/process 200 in 24ms (compile: 5ms, proxy.ts: 4ms, render: 15ms)
 POST /api/jobs/demandas 200 in 29ms (compile: 3ms, proxy.ts: 5ms, render: 22ms)
 GET / 200 in 950ms (compile: 3ms, proxy.ts: 3ms, render: 944ms)
 GET / 200 in 76ms (compile: 3ms, proxy.ts: 3ms, render: 69ms)
 GET / 200 in 51ms (compile: 2ms, proxy.ts: 3ms, render: 46ms)
 GET / 200 in 103ms (compile: 4ms, proxy.ts: 2ms, render: 97ms)
 GET / 200 in 105ms (compile: 9ms, proxy.ts: 43ms, render: 54ms)
 POST /api/jobs/process 200 in 21ms (compile: 1971µs, proxy.ts: 3ms, render: 16ms)
 GET / 200 in 52ms (compile: 3ms, proxy.ts: 3ms, render: 46ms)
 POST /api/jobs/process 200 in 18ms (compile: 1640µs, proxy.ts: 2ms, render: 14ms)
 POST /api/jobs/automacao-nacional 200 in 25ms (compile: 5ms, proxy.ts: 3ms, render: 16ms)
 POST /api/jobs/demandas 200 in 28ms (compile: 8ms, proxy.ts: 4ms, render: 16ms)
✓ Compiled in 261ms
✓ Compiled in 198ms
 POST /api/jobs/process 200 in 19ms (compile: 1929µs, proxy.ts: 3ms, render: 14ms)
✓ Compiled in 832ms
 GET / 200 in 2.3s (compile: 1501ms, proxy.ts: 3ms, render: 749ms)
 GET / 200 in 107ms (compile: 6ms, proxy.ts: 45ms, render: 56ms)
 POST /api/jobs/process 200 in 22ms (compile: 3ms, proxy.ts: 4ms, render: 15ms)
 POST /api/jobs/process 200 in 25ms (compile: 5ms, proxy.ts: 3ms, render: 16ms)
 POST /api/jobs/demandas 200 in 29ms (compile: 3ms, proxy.ts: 5ms, render: 22ms)
 GET / 200 in 63ms (compile: 3ms, proxy.ts: 2ms, render: 57ms)
 POST /api/jobs/process 200 in 20ms (compile: 3ms, proxy.ts: 3ms, render: 15ms)
✓ Compiled in 814ms
 GET / 200 in 2.3s (compile: 1482ms, proxy.ts: 3ms, render: 776ms)
 GET / 200 in 65ms (compile: 3ms, proxy.ts: 10ms, render: 52ms)
 POST /api/jobs/process 200 in 22ms (compile: 1821µs, proxy.ts: 3ms, render: 17ms)
 POST /api/jobs/demandas 200 in 25ms (compile: 1830µs, proxy.ts: 2ms, render: 20ms)
 POST /api/jobs/process 200 in 17ms (compile: 1533µs, proxy.ts: 2ms, render: 13ms)
 POST /api/jobs/process 200 in 20ms (compile: 2ms, proxy.ts: 3ms, render: 14ms)
✓ Compiled in 279ms
 GET / 200 in 2.1s (compile: 1386ms, proxy.ts: 3ms, render: 728ms)
 GET / 200 in 109ms (compile: 5ms, proxy.ts: 46ms, render: 58ms)
 POST /api/jobs/automacao-nacional 200 in 31ms (compile: 12ms, proxy.ts: 5ms, render: 14ms)
 POST /api/jobs/process 200 in 34ms (compile: 7ms, proxy.ts: 5ms, render: 22ms)
 POST /api/jobs/demandas 200 in 37ms (compile: 5ms, proxy.ts: 5ms, render: 27ms)
 POST /api/jobs/process 200 in 19ms (compile: 1712µs, proxy.ts: 3ms, render: 14ms)
 POST /api/jobs/process 200 in 20ms (compile: 1539µs, proxy.ts: 3ms, render: 15ms)
 POST /api/jobs/demandas 200 in 40ms (compile: 8ms, proxy.ts: 4ms, render: 27ms)
 POST /api/jobs/operacoes 200 in 54ms (compile: 5ms, proxy.ts: 4ms, render: 45ms)
[Scheduler] Operações: 0 movidos, 2 conv SLA, 4 atend SLA
 POST /api/jobs/process 200 in 19ms (compile: 1834µs, proxy.ts: 3ms, render: 14ms)
 GET /login 200 in 274ms (compile: 163ms, proxy.ts: 3ms, render: 107ms)
 GET /dashboard 200 in 15.5s (compile: 15.3s, proxy.ts: 3ms, render: 244ms)
 POST /login 303 in 15.6s (compile: 3ms, proxy.ts: 3ms, render: 15.6s)
 GET /api/chat/unread-count 200 in 999ms (compile: 678ms, proxy.ts: 5ms, render: 317ms)
 GET /api/chat/users 200 in 1007ms (compile: 411ms, proxy.ts: 5ms, render: 592ms)
 GET /api/chat/conversations 200 in 998ms (compile: 932ms, proxy.ts: 3ms, render: 64ms)
 GET /api/chat/conversations 200 in 69ms (compile: 13ms, proxy.ts: 12ms, render: 44ms)
 GET /api/chat/users 200 in 72ms (compile: 11ms, proxy.ts: 12ms, render: 49ms)
 GET /api/chat/unread-count 200 in 80ms (compile: 14ms, proxy.ts: 9ms, render: 57ms)
 GET /api/chat/conversations/cmmg6aq16001p58mhxifvzpqu/messages 200 in 3.2s (compile: 3.1s, proxy.ts: 7ms, render: 25ms)
 POST /api/chat/conversations/cmmg6aq16001p58mhxifvzpqu/read 200 in 2.1s (compile: 2.1s, proxy.ts: 4ms, render: 56ms)
 GET /api/chat/conversations/cmmg6aq16001p58mhxifvzpqu/messages 200 in 46ms (compile: 20ms, proxy.ts: 6ms, render: 20ms)
 GET /api/chat/conversations 200 in 21ms (compile: 1687µs, proxy.ts: 2ms, render: 17ms)
 GET /publicacoes 200 in 1296ms (compile: 1139ms, proxy.ts: 3ms, render: 154ms)
 GET /admin/equipe-juridica 200 in 1563ms (compile: 1489ms, proxy.ts: 4ms, render: 70ms)
 POST /api/jobs/process 200 in 23ms (compile: 5ms, proxy.ts: 3ms, render: 16ms)
 POST /api/jobs/demandas 200 in 27ms (compile: 3ms, proxy.ts: 3ms, render: 22ms)
 POST /api/jobs/process 200 in 22ms (compile: 2ms, proxy.ts: 2ms, render: 17ms)
 POST /api/jobs/process 200 in 12ms (compile: 1662µs, proxy.ts: 2ms, render: 8ms)
 POST /api/jobs/automacao-nacional 200 in 17ms (compile: 7ms, proxy.ts: 3ms, render: 6ms)
 POST /api/jobs/demandas 200 in 28ms (compile: 2ms, proxy.ts: 3ms, render: 22ms)
 POST /api/jobs/process 200 in 14ms (compile: 2ms, proxy.ts: 3ms, render: 9ms)
 POST /api/jobs/process 200 in 13ms (compile: 3ms, proxy.ts: 2ms, render: 7ms)
 POST /api/jobs/publicacoes 200 in 21ms (compile: 5ms, proxy.ts: 5ms, render: 10ms)
 POST /api/jobs/demandas 200 in 30ms (compile: 8ms, proxy.ts: 5ms, render: 17ms)
 POST /api/jobs/process 200 in 32ms (compile: 11ms, proxy.ts: 5ms, render: 16ms)
 POST /api/jobs/process 200 in 19ms (compile: 2ms, proxy.ts: 2ms, render: 14ms)
 POST /api/jobs/process 200 in 11ms (compile: 1848µs, proxy.ts: 2ms, render: 7ms)
 POST /api/jobs/demandas 200 in 23ms (compile: 2ms, proxy.ts: 2ms, render: 19ms)
 POST /api/jobs/process 200 in 11ms (compile: 1643µs, proxy.ts: 2ms, render: 7ms)
 POST /api/jobs/process 200 in 12ms (compile: 1683µs, proxy.ts: 2ms, render: 7ms)
✓ Compiled in 849ms
✓ Compiled in 179ms
 GET / 200 in 2.1s (compile: 1302ms, proxy.ts: 5ms, render: 801ms)
 GET / 200 in 60ms (compile: 2ms, proxy.ts: 7ms, render: 51ms)
 POST /api/jobs/automacao-nacional 200 in 21ms (compile: 5ms, proxy.ts: 6ms, render: 11ms)
 POST /api/jobs/process 200 in 27ms (compile: 10ms, proxy.ts: 5ms, render: 13ms)
 POST /api/jobs/demandas 200 in 31ms (compile: 8ms, proxy.ts: 5ms, render: 18ms)
 GET / 307 in 99ms (compile: 3ms, proxy.ts: 3ms, render: 93ms)
 GET /dashboard 200 in 1193ms (compile: 7ms, proxy.ts: 3ms, render: 1183ms)
 GET /api/chat/users 200 in 31ms (compile: 4ms, proxy.ts: 5ms, render: 22ms)
 GET /api/chat/conversations 200 in 37ms (compile: 6ms, proxy.ts: 5ms, render: 26ms)
 GET /api/chat/unread-count 200 in 41ms (compile: 9ms, proxy.ts: 5ms, render: 28ms)
 GET /api/chat/conversations/cmmg6aq16001p58mhxifvzpqu/messages 200 in 38ms (compile: 15ms, proxy.ts: 3ms, render: 20ms)
 POST /api/chat/conversations/cmmg6aq16001p58mhxifvzpqu/read 200 in 70ms (compile: 18ms, proxy.ts: 4ms, render: 48ms)
 GET /api/chat/conversations/cmmg6aq16001p58mhxifvzpqu/messages 200 in 57ms (compile: 14ms, proxy.ts: 5ms, render: 39ms)
 GET /api/chat/conversations 200 in 37ms (compile: 2ms, proxy.ts: 4ms, render: 30ms)
 GET /login 200 in 28ms (compile: 4ms, proxy.ts: 3ms, render: 22ms)
 POST /dashboard 303 in 394ms (compile: 5ms, proxy.ts: 3ms, render: 386ms)
 POST /api/jobs/process 200 in 12ms (compile: 1847µs, proxy.ts: 3ms, render: 7ms)
 GET / 200 in 66ms (compile: 3ms, proxy.ts: 3ms, render: 61ms)
 POST /api/jobs/process 200 in 13ms (compile: 1985µs, proxy.ts: 2ms, render: 8ms)
✓ Compiled in 304ms
 GET / 500 in 71ms (compile: 55ms, proxy.ts: 3ms, render: 13ms)
✓ Compiled in 211ms
 GET / 200 in 1432ms (compile: 1370ms, proxy.ts: 2ms, render: 60ms)
 GET /login?callbackUrl=%2Fadmin%2Fequipe-juridica 200 in 23ms (compile: 3ms, proxy.ts: 3ms, render: 18ms)
 GET / 200 in 728ms (compile: 4ms, proxy.ts: 2ms, render: 722ms)
 GET / 200 in 66ms (compile: 3ms, proxy.ts: 3ms, render: 59ms)
 POST /api/jobs/demandas 200 in 23ms (compile: 1483µs, proxy.ts: 2ms, render: 19ms)
 POST /api/jobs/process 200 in 18ms (compile: 1733µs, proxy.ts: 2ms, render: 14ms)
 POST /api/jobs/process 200 in 20ms (compile: 1708µs, proxy.ts: 3ms, render: 15ms)
✓ Compiled in 275ms
 GET / 200 in 2.7s (compile: 1882ms, proxy.ts: 3ms, render: 834ms)
 GET / 200 in 144ms (compile: 6ms, proxy.ts: 69ms, render: 70ms)
 GET / 200 in 61ms (compile: 2ms, proxy.ts: 8ms, render: 51ms)
 POST /api/jobs/process 200 in 29ms (compile: 4ms, proxy.ts: 5ms, render: 20ms)
 POST /api/jobs/demandas 200 in 33ms (compile: 8ms, proxy.ts: 5ms, render: 20ms)
 POST /api/jobs/datajud-monitor 200 in 873ms (compile: 554ms, proxy.ts: 5ms, render: 314ms)
[Scheduler] DataJud monitor: VALID (ENV)
 POST /api/jobs/process 200 in 20ms (compile: 2ms, proxy.ts: 3ms, render: 15ms)
✓ Compiled in 250ms
✓ Compiled in 181ms
 POST /api/jobs/process 200 in 23ms (compile: 4ms, proxy.ts: 3ms, render: 15ms)
 POST /api/jobs/automacao-nacional 200 in 29ms (compile: 9ms, proxy.ts: 3ms, render: 17ms)
 POST /api/jobs/demandas 200 in 32ms (compile: 1854µs, proxy.ts: 3ms, render: 26ms)
✓ Compiled in 176ms
✓ Compiled in 575ms
✓ Compiled in 338ms
✓ Compiled in 246ms
 POST /api/jobs/process 200 in 25ms (compile: 3ms, proxy.ts: 3ms, render: 18ms)
✓ Compiled in 196ms
 POST /api/jobs/process 200 in 21ms (compile: 3ms, proxy.ts: 2ms, render: 16ms)
 POST /api/jobs/process 200 in 30ms (compile: 5ms, proxy.ts: 4ms, render: 20ms)
 POST /api/jobs/demandas 200 in 35ms (compile: 10ms, proxy.ts: 4ms, render: 21ms)
 POST /api/jobs/process 200 in 18ms (compile: 2ms, proxy.ts: 2ms, render: 14ms)
 POST /api/jobs/process 200 in 17ms (compile: 1369µs, proxy.ts: 2ms, render: 14ms)
 POST /api/jobs/demandas 200 in 24ms (compile: 1673µs, proxy.ts: 4ms, render: 18ms)
 POST /api/jobs/process 200 in 23ms (compile: 3ms, proxy.ts: 3ms, render: 17ms)
 POST /api/jobs/process 200 in 18ms (compile: 1633µs, proxy.ts: 3ms, render: 14ms)
 POST /api/jobs/automacao-nacional 200 in 30ms (compile: 11ms, proxy.ts: 5ms, render: 13ms)
 POST /api/jobs/process 200 in 31ms (compile: 6ms, proxy.ts: 5ms, render: 20ms)
 POST /api/jobs/demandas 200 in 33ms (compile: 3ms, proxy.ts: 5ms, render: 25ms)
 POST /api/jobs/process 200 in 19ms (compile: 1745µs, proxy.ts: 2ms, render: 15ms)
 POST /api/jobs/process 200 in 18ms (compile: 1533µs, proxy.ts: 2ms, render: 14ms)
 GET / 200 in 2.5s (compile: 1532ms, proxy.ts: 3ms, render: 1001ms)
 POST /api/jobs/demandas 200 in 36ms (compile: 1990µs, proxy.ts: 3ms, render: 31ms)
 POST /api/jobs/operacoes 200 in 67ms (compile: 6ms, proxy.ts: 3ms, render: 57ms)
[Scheduler] Operações: 0 movidos, 2 conv SLA, 4 atend SLA
 POST /api/jobs/process 200 in 19ms (compile: 1768µs, proxy.ts: 2ms, render: 15ms)
✓ Compiled in 375ms
✓ Compiled in 242ms
 POST /api/jobs/process 200 in 21ms (compile: 2ms, proxy.ts: 3ms, render: 16ms)
✓ Compiled in 293ms
✓ Compiled in 187ms
✓ Compiled in 169ms
 GET / 500 in 1949ms (compile: 1271ms, proxy.ts: 3ms, render: 675ms)
✓ Compiled in 247ms
✓ Compiled in 165ms
 GET / 200 in 1847ms (compile: 1237ms, proxy.ts: 3ms, render: 607ms)
 POST /api/jobs/process 200 in 50ms (compile: 16ms, proxy.ts: 9ms, render: 26ms)
 POST /api/jobs/demandas 200 in 58ms (compile: 10ms, proxy.ts: 7ms, render: 41ms)
 GET / 200 in 73ms (compile: 4ms, proxy.ts: 3ms, render: 65ms)
✓ Compiled in 286ms
✓ Compiled in 222ms
✓ Compiled in 169ms
 POST /api/jobs/process 200 in 22ms (compile: 3ms, proxy.ts: 4ms, render: 15ms)
 POST /api/jobs/process 200 in 39ms (compile: 5ms, proxy.ts: 5ms, render: 29ms)
✓ Compiled in 166ms
✓ Compiled in 325ms
 POST /api/jobs/automacao-nacional 200 in 44ms (compile: 11ms, proxy.ts: 4ms, render: 29ms)
 POST /api/jobs/demandas 200 in 49ms (compile: 4ms, proxy.ts: 4ms, render: 42ms)
 POST /api/jobs/process 200 in 51ms (compile: 19ms, proxy.ts: 8ms, render: 25ms)
 POST /api/jobs/process 200 in 23ms (compile: 2ms, proxy.ts: 3ms, render: 18ms)
 GET / 200 in 3.3s (compile: 1715ms, proxy.ts: 3ms, render: 1616ms)
 POST /api/jobs/publicacoes 200 in 59ms (compile: 23ms, proxy.ts: 12ms, render: 23ms)
 POST /api/jobs/process 200 in 54ms (compile: 19ms, proxy.ts: 14ms, render: 21ms)
 POST /api/jobs/demandas 200 in 65ms (compile: 15ms, proxy.ts: 12ms, render: 38ms)
✓ Compiled in 249ms
✓ Compiled in 224ms
✓ Compiled in 225ms
✓ Compiled in 230ms
 POST /api/jobs/process 200 in 23ms (compile: 2ms, proxy.ts: 3ms, render: 18ms)
 POST /api/jobs/process 200 in 21ms (compile: 3ms, proxy.ts: 3ms, render: 16ms)
 POST /api/jobs/demandas 200 in 23ms (compile: 1652µs, proxy.ts: 2ms, render: 19ms)
 POST /api/jobs/process 200 in 18ms (compile: 2ms, proxy.ts: 2ms, render: 13ms)
 POST /api/jobs/process 200 in 18ms (compile: 1534µs, proxy.ts: 2ms, render: 14ms)
 POST /api/jobs/automacao-nacional 200 in 31ms (compile: 8ms, proxy.ts: 4ms, render: 19ms)
 POST /api/jobs/process 200 in 33ms (compile: 11ms, proxy.ts: 5ms, render: 18ms)
 POST /api/jobs/demandas 200 in 35ms (compile: 3ms, proxy.ts: 4ms, render: 28ms)
 POST /api/jobs/process 200 in 19ms (compile: 2ms, proxy.ts: 3ms, render: 15ms)
 POST /api/jobs/process 200 in 18ms (compile: 1981µs, proxy.ts: 2ms, render: 14ms)
 POST /api/jobs/demandas 200 in 24ms (compile: 1778µs, proxy.ts: 3ms, render: 20ms)
 POST /api/jobs/process 200 in 19ms (compile: 2ms, proxy.ts: 2ms, render: 14ms)
 POST /api/jobs/process 200 in 18ms (compile: 1547µs, proxy.ts: 2ms, render: 14ms)
 POST /api/jobs/process 200 in 21ms (compile: 4ms, proxy.ts: 3ms, render: 14ms)
 POST /api/jobs/demandas 200 in 24ms (compile: 3ms, proxy.ts: 3ms, render: 18ms)
 POST /api/jobs/process 200 in 20ms (compile: 1675µs, proxy.ts: 3ms, render: 15ms)
 POST /api/jobs/process 200 in 18ms (compile: 2ms, proxy.ts: 2ms, render: 14ms)
 POST /api/jobs/automacao-nacional 200 in 24ms (compile: 6ms, proxy.ts: 3ms, render: 15ms)
 POST /api/jobs/demandas 200 in 28ms (compile: 3ms, proxy.ts: 3ms, render: 23ms)
 POST /api/jobs/process 200 in 18ms (compile: 1670µs, proxy.ts: 2ms, render: 14ms)
 POST /api/jobs/process 200 in 18ms (compile: 1586µs, proxy.ts: 2ms, render: 14ms)
 POST /api/jobs/process 200 in 21ms (compile: 5ms, proxy.ts: 3ms, render: 13ms)
 POST /api/jobs/demandas 200 in 24ms (compile: 3ms, proxy.ts: 3ms, render: 18ms)
 POST /api/jobs/process 200 in 18ms (compile: 1891µs, proxy.ts: 2ms, render: 13ms)
 POST /api/jobs/process 200 in 19ms (compile: 1722µs, proxy.ts: 2ms, render: 15ms)
 POST /api/jobs/demandas 200 in 21ms (compile: 1728µs, proxy.ts: 3ms, render: 17ms)
 POST /api/jobs/process 200 in 21ms (compile: 1656µs, proxy.ts: 3ms, render: 17ms)
 POST /api/jobs/process 200 in 19ms (compile: 1841µs, proxy.ts: 3ms, render: 14ms)
 POST /api/jobs/automacao-nacional 200 in 26ms (compile: 8ms, proxy.ts: 4ms, render: 13ms)
 POST /api/jobs/process 200 in 29ms (compile: 5ms, proxy.ts: 4ms, render: 19ms)
 POST /api/jobs/demandas 200 in 32ms (compile: 3ms, proxy.ts: 4ms, render: 24ms)
 POST /api/jobs/process 200 in 19ms (compile: 1652µs, proxy.ts: 2ms, render: 15ms)
 POST /api/jobs/process 200 in 17ms (compile: 1540µs, proxy.ts: 2ms, render: 13ms)
 POST /api/jobs/demandas 200 in 35ms (compile: 8ms, proxy.ts: 3ms, render: 24ms)
 POST /api/jobs/operacoes 200 in 49ms (compile: 5ms, proxy.ts: 3ms, render: 41ms)
[Scheduler] Operações: 0 movidos, 2 conv SLA, 4 atend SLA
 POST /api/jobs/process 200 in 19ms (compile: 1788µs, proxy.ts: 3ms, render: 14ms)
 POST /api/jobs/process 200 in 20ms (compile: 4ms, proxy.ts: 3ms, render: 14ms)
 POST /api/jobs/process 200 in 22ms (compile: 5ms, proxy.ts: 3ms, render: 14ms)
 POST /api/jobs/demandas 200 in 26ms (compile: 2ms, proxy.ts: 3ms, render: 21ms)
 POST /api/jobs/process 200 in 18ms (compile: 1666µs, proxy.ts: 2ms, render: 14ms)
 POST /api/jobs/process 200 in 19ms (compile: 3ms, proxy.ts: 2ms, render: 14ms)
 POST /api/jobs/automacao-nacional 200 in 24ms (compile: 7ms, proxy.ts: 3ms, render: 14ms)
 POST /api/jobs/demandas 200 in 31ms (compile: 3ms, proxy.ts: 3ms, render: 24ms)
 POST /api/jobs/process 200 in 18ms (compile: 1827µs, proxy.ts: 1889µs, render: 14ms)
 POST /api/jobs/process 200 in 18ms (compile: 1790µs, proxy.ts: 2ms, render: 14ms)
 POST /api/jobs/publicacoes 200 in 24ms (compile: 4ms, proxy.ts: 5ms, render: 15ms)
 POST /api/jobs/process 200 in 27ms (compile: 8ms, proxy.ts: 5ms, render: 14ms)
 POST /api/jobs/demandas 200 in 30ms (compile: 6ms, proxy.ts: 5ms, render: 19ms)
 POST /api/jobs/process 200 in 19ms (compile: 1645µs, proxy.ts: 3ms, render: 14ms)
 POST /api/jobs/process 200 in 20ms (compile: 2ms, proxy.ts: 3ms, render: 14ms)
 POST /api/jobs/demandas 200 in 21ms (compile: 3ms, proxy.ts: 2ms, render: 16ms)
 POST /api/jobs/process 200 in 18ms (compile: 1999µs, proxy.ts: 2ms, render: 14ms)
 POST /api/jobs/process 200 in 19ms (compile: 2ms, proxy.ts: 2ms, render: 14ms)
 POST /api/jobs/automacao-nacional 200 in 33ms (compile: 4ms, proxy.ts: 6ms, render: 23ms)
 POST /api/jobs/process 200 in 33ms (compile: 9ms, proxy.ts: 5ms, render: 19ms)
 POST /api/jobs/demandas 200 in 36ms (compile: 7ms, proxy.ts: 6ms, render: 23ms)
 POST /api/jobs/process 200 in 21ms (compile: 1807µs, proxy.ts: 3ms, render: 16ms)
 POST /api/jobs/process 200 in 18ms (compile: 2ms, proxy.ts: 2ms, render: 14ms)
 POST /api/jobs/demandas 200 in 23ms (compile: 1594µs, proxy.ts: 3ms, render: 18ms)
 POST /api/jobs/process 200 in 20ms (compile: 2ms, proxy.ts: 3ms, render: 15ms)
 POST /api/jobs/process 200 in 19ms (compile: 2ms, proxy.ts: 3ms, render: 13ms)
 POST /api/jobs/process 200 in 24ms (compile: 5ms, proxy.ts: 4ms, render: 14ms)
 POST /api/jobs/demandas 200 in 29ms (compile: 3ms, proxy.ts: 5ms, render: 21ms)
 POST /api/jobs/process 200 in 18ms (compile: 1699µs, proxy.ts: 3ms, render: 14ms)
 POST /api/jobs/process 200 in 19ms (compile: 1799µs, proxy.ts: 3ms, render: 15ms)
 POST /api/jobs/automacao-nacional 200 in 22ms (compile: 3ms, proxy.ts: 4ms, render: 15ms)
 POST /api/jobs/demandas 200 in 25ms (compile: 6ms, proxy.ts: 4ms, render: 16ms)
 POST /api/jobs/process 200 in 18ms (compile: 1683µs, proxy.ts: 2ms, render: 14ms)
 POST /api/jobs/process 200 in 18ms (compile: 1544µs, proxy.ts: 3ms, render: 13ms)
 POST /api/jobs/process 200 in 23ms (compile: 6ms, proxy.ts: 3ms, render: 14ms)
 POST /api/jobs/demandas 200 in 28ms (compile: 3ms, proxy.ts: 4ms, render: 21ms)
 POST /api/jobs/process 200 in 18ms (compile: 1564µs, proxy.ts: 3ms, render: 13ms)
 POST /api/jobs/process 200 in 19ms (compile: 2ms, proxy.ts: 3ms, render: 13ms)
 POST /api/jobs/demandas 200 in 22ms (compile: 2ms, proxy.ts: 3ms, render: 17ms)
 POST /api/jobs/process 200 in 18ms (compile: 1611µs, proxy.ts: 2ms, render: 14ms)
 POST /api/jobs/process 200 in 18ms (compile: 1819µs, proxy.ts: 2ms, render: 14ms)
 POST /api/jobs/automacao-nacional 200 in 31ms (compile: 5ms, proxy.ts: 4ms, render: 21ms)
 POST /api/jobs/process 200 in 31ms (compile: 7ms, proxy.ts: 5ms, render: 19ms)
 POST /api/jobs/demandas 200 in 33ms (compile: 9ms, proxy.ts: 5ms, render: 19ms)
 POST /api/jobs/process 200 in 18ms (compile: 1505µs, proxy.ts: 3ms, render: 14ms)
 POST /api/jobs/process 200 in 20ms (compile: 1513µs, proxy.ts: 3ms, render: 15ms)
 POST /api/jobs/demandas 200 in 34ms (compile: 6ms, proxy.ts: 4ms, render: 24ms)
 POST /api/jobs/operacoes 200 in 51ms (compile: 3ms, proxy.ts: 4ms, render: 44ms)
[Scheduler] Operações: 0 movidos, 2 conv SLA, 4 atend SLA
 POST /api/jobs/process 200 in 20ms (compile: 1925µs, proxy.ts: 2ms, render: 16ms)
 POST /api/jobs/process 200 in 19ms (compile: 1764µs, proxy.ts: 3ms, render: 14ms)
 POST /api/jobs/process 200 in 22ms (compile: 5ms, proxy.ts: 4ms, render: 13ms)
 POST /api/jobs/demandas 200 in 24ms (compile: 3ms, proxy.ts: 3ms, render: 18ms)
 POST /api/jobs/process 200 in 17ms (compile: 2ms, proxy.ts: 2ms, render: 13ms)
 POST /api/jobs/process 200 in 17ms (compile: 1556µs, proxy.ts: 2ms, render: 13ms)
 POST /api/jobs/automacao-nacional 200 in 24ms (compile: 5ms, proxy.ts: 3ms, render: 17ms)
 POST /api/jobs/demandas 200 in 28ms (compile: 8ms, proxy.ts: 3ms, render: 17ms)
 POST /api/jobs/process 200 in 19ms (compile: 2ms, proxy.ts: 2ms, render: 15ms)
 POST /api/jobs/process 200 in 19ms (compile: 2ms, proxy.ts: 3ms, render: 14ms)
 POST /api/jobs/publicacoes 200 in 27ms (compile: 5ms, proxy.ts: 5ms, render: 18ms)
 POST /api/jobs/process 200 in 30ms (compile: 10ms, proxy.ts: 5ms, render: 15ms)
 POST /api/jobs/demandas 200 in 33ms (compile: 8ms, proxy.ts: 5ms, render: 20ms)
 POST /api/jobs/process 200 in 18ms (compile: 2ms, proxy.ts: 3ms, render: 14ms)
 POST /api/jobs/process 200 in 21ms (compile: 3ms, proxy.ts: 3ms, render: 16ms)
 POST /api/jobs/demandas 200 in 21ms (compile: 3ms, proxy.ts: 2ms, render: 17ms)
 POST /api/jobs/process 200 in 18ms (compile: 2ms, proxy.ts: 2ms, render: 13ms)
 POST /api/jobs/process 200 in 19ms (compile: 2ms, proxy.ts: 2ms, render: 14ms)
 POST /api/jobs/automacao-nacional 200 in 28ms (compile: 5ms, proxy.ts: 6ms, render: 18ms)
 POST /api/jobs/process 200 in 28ms (compile: 10ms, proxy.ts: 4ms, render: 13ms)
 POST /api/jobs/demandas 200 in 32ms (compile: 7ms, proxy.ts: 6ms, render: 19ms)
 POST /api/jobs/process 200 in 17ms (compile: 1651µs, proxy.ts: 2ms, render: 13ms)
 POST /api/jobs/process 200 in 18ms (compile: 1984µs, proxy.ts: 3ms, render: 13ms)
 POST /api/jobs/demandas 200 in 26ms (compile: 3ms, proxy.ts: 2ms, render: 21ms)
 POST /api/jobs/process 200 in 18ms (compile: 2ms, proxy.ts: 3ms, render: 13ms)
 POST /api/jobs/process 200 in 22ms (compile: 3ms, proxy.ts: 2ms, render: 16ms)
 POST /api/jobs/process 200 in 23ms (compile: 4ms, proxy.ts: 5ms, render: 14ms)
 POST /api/jobs/demandas 200 in 26ms (compile: 3ms, proxy.ts: 4ms, render: 19ms)
 POST /api/jobs/process 200 in 20ms (compile: 1779µs, proxy.ts: 1997µs, render: 16ms)
 POST /api/jobs/process 200 in 20ms (compile: 3ms, proxy.ts: 3ms, render: 14ms)
 POST /api/jobs/automacao-nacional 200 in 24ms (compile: 4ms, proxy.ts: 4ms, render: 16ms)
 POST /api/jobs/demandas 200 in 27ms (compile: 7ms, proxy.ts: 4ms, render: 16ms)
 POST /api/jobs/process 200 in 18ms (compile: 1502µs, proxy.ts: 2ms, render: 14ms)
 POST /api/jobs/process 200 in 19ms (compile: 1620µs, proxy.ts: 3ms, render: 14ms)
 POST /api/jobs/process 200 in 22ms (compile: 4ms, proxy.ts: 4ms, render: 14ms)
 POST /api/jobs/demandas 200 in 25ms (compile: 2ms, proxy.ts: 4ms, render: 19ms)
 POST /api/jobs/process 200 in 18ms (compile: 1555µs, proxy.ts: 1897µs, render: 15ms)
 POST /api/jobs/process 200 in 19ms (compile: 1633µs, proxy.ts: 3ms, render: 14ms)
 POST /api/jobs/demandas 200 in 24ms (compile: 1875µs, proxy.ts: 3ms, render: 19ms)
 POST /api/jobs/process 200 in 20ms (compile: 2ms, proxy.ts: 3ms, render: 15ms)
 POST /api/jobs/process 200 in 19ms (compile: 1924µs, proxy.ts: 3ms, render: 14ms)
 POST /api/jobs/automacao-nacional 200 in 25ms (compile: 6ms, proxy.ts: 5ms, render: 14ms)
 POST /api/jobs/process 200 in 27ms (compile: 9ms, proxy.ts: 5ms, render: 13ms)
 POST /api/jobs/demandas 200 in 30ms (compile: 3ms, proxy.ts: 5ms, render: 22ms)
 GET / 200 in 2.8s (compile: 2.6s, proxy.ts: 55ms, render: 139ms)
 POST /api/jobs/process 200 in 40ms (compile: 3ms, proxy.ts: 5ms, render: 32ms)
✓ Compiled in 639ms
✓ Compiled in 258ms
✓ Compiled in 242ms
 POST /api/jobs/process 200 in 31ms (compile: 10ms, proxy.ts: 6ms, render: 15ms)
 POST /api/jobs/demandas 200 in 39ms (compile: 8ms, proxy.ts: 3ms, render: 28ms)
 POST /api/jobs/operacoes 200 in 62ms (compile: 5ms, proxy.ts: 3ms, render: 55ms)
[Scheduler] Operações: 0 movidos, 2 conv SLA, 4 atend SLA
✓ Compiled in 214ms
 POST /api/jobs/process 200 in 33ms (compile: 4ms, proxy.ts: 6ms, render: 23ms)
✓ Compiled in 274ms
 GET / 200 in 3.1s (compile: 1621ms, proxy.ts: 4ms, render: 1523ms)
 POST /api/jobs/process 200 in 35ms (compile: 1995µs, proxy.ts: 2ms, render: 30ms)
✓ Compiled in 301ms
 GET / 200 in 3.1s (compile: 1572ms, proxy.ts: 3ms, render: 1557ms)
 GET / 200 in 73ms (compile: 3ms, proxy.ts: 4ms, render: 65ms)
 POST /api/jobs/process 200 in 30ms (compile: 5ms, proxy.ts: 3ms, render: 22ms)
 POST /api/jobs/demandas 200 in 34ms (compile: 2ms, proxy.ts: 3ms, render: 28ms)
✓ Compiled in 247ms
 POST /api/jobs/process 200 in 19ms (compile: 1997µs, proxy.ts: 3ms, render: 14ms)
✓ Compiled in 298ms
 POST /api/jobs/process 200 in 135ms (compile: 14ms, proxy.ts: 11ms, render: 110ms)
 POST /api/jobs/automacao-nacional 200 in 37ms (compile: 3ms, proxy.ts: 3ms, render: 31ms)
 POST /api/jobs/demandas 200 in 45ms (compile: 6ms, proxy.ts: 3ms, render: 36ms)
✓ Compiled in 291ms
 POST /api/jobs/process 200 in 26ms (compile: 2ms, proxy.ts: 3ms, render: 21ms)
✓ Compiled in 939ms
✓ Compiled in 179ms
✓ Compiled in 372ms
 GET / 200 in 3.3s (compile: 1524ms, proxy.ts: 2ms, render: 1794ms)
✓ Compiled in 456ms
✓ Compiled in 245ms
 POST /api/jobs/process 200 in 21ms (compile: 2ms, proxy.ts: 3ms, render: 17ms)
✓ Compiled in 232ms
✓ Compiled in 226ms
 GET / 200 in 3.5s (compile: 1710ms, proxy.ts: 3ms, render: 1822ms)
✓ Compiled in 262ms
✓ Compiled in 261ms
✓ Compiled in 190ms
 POST /api/jobs/publicacoes 200 in 27ms (compile: 5ms, proxy.ts: 4ms, render: 18ms)
 POST /api/jobs/process 200 in 30ms (compile: 11ms, proxy.ts: 4ms, render: 15ms)
 POST /api/jobs/demandas 200 in 33ms (compile: 9ms, proxy.ts: 4ms, render: 20ms)
✓ Compiled in 165ms
✓ Compiled in 150ms
 POST /api/jobs/process 200 in 29ms (compile: 2ms, proxy.ts: 6ms, render: 20ms)
 POST /api/jobs/process 200 in 71ms (compile: 8ms, proxy.ts: 16ms, render: 46ms)
✓ Compiled in 251ms
 POST /api/jobs/demandas 200 in 22ms (compile: 1714µs, proxy.ts: 2ms, render: 18ms)
✓ Compiled in 734ms
✓ Compiled in 170ms
 POST /api/jobs/process 200 in 18ms (compile: 1836µs, proxy.ts: 2ms, render: 14ms)
✓ Compiled in 185ms
 POST /api/jobs/process 200 in 18ms (compile: 2ms, proxy.ts: 2ms, render: 14ms)
 POST /api/jobs/automacao-nacional 200 in 59ms (compile: 7ms, proxy.ts: 13ms, render: 39ms)
 POST /api/jobs/process 200 in 58ms (compile: 15ms, proxy.ts: 13ms, render: 31ms)
 POST /api/jobs/demandas 200 in 72ms (compile: 13ms, proxy.ts: 13ms, render: 46ms)
✓ Compiled in 500ms
✓ Compiled in 1025ms
 POST /api/jobs/process 200 in 31ms (compile: 2ms, proxy.ts: 3ms, render: 26ms)
✓ Compiled in 255ms
 POST /api/jobs/process 200 in 138ms (compile: 43ms, proxy.ts: 6ms, render: 89ms)
 POST /api/jobs/demandas 200 in 34ms (compile: 4ms, proxy.ts: 4ms, render: 26ms)
✓ Compiled in 278ms
 POST /api/jobs/process 200 in 24ms (compile: 2ms, proxy.ts: 3ms, render: 20ms)
✓ Compiled in 263ms
✓ Compiled in 223ms
✓ Compiled in 427ms
 POST /api/jobs/process 200 in 24ms (compile: 3ms, proxy.ts: 3ms, render: 19ms)
 POST /api/jobs/process 200 in 27ms (compile: 4ms, proxy.ts: 3ms, render: 20ms)
 POST /api/jobs/demandas 200 in 28ms (compile: 9ms, proxy.ts: 3ms, render: 16ms)
 POST /api/jobs/process 200 in 17ms (compile: 1589µs, proxy.ts: 2ms, render: 13ms)
 POST /api/jobs/process 200 in 18ms (compile: 1980µs, proxy.ts: 2ms, render: 14ms)
 POST /api/jobs/automacao-nacional 200 in 23ms (compile: 4ms, proxy.ts: 3ms, render: 15ms)
 POST /api/jobs/demandas 200 in 26ms (compile: 7ms, proxy.ts: 3ms, render: 16ms)
 POST /api/jobs/process 200 in 17ms (compile: 1963µs, proxy.ts: 2ms, render: 13ms)
 POST /api/jobs/process 200 in 17ms (compile: 2ms, proxy.ts: 2ms, render: 12ms)
 GET / 500 in 2.9s (compile: 1392ms, proxy.ts: 2ms, render: 1490ms)
 POST /api/jobs/process 200 in 23ms (compile: 7ms, proxy.ts: 3ms, render: 13ms)
 POST /api/jobs/demandas 200 in 28ms (compile: 3ms, proxy.ts: 4ms, render: 20ms)
 GET / 500 in 80ms (compile: 4ms, proxy.ts: 4ms, render: 71ms)
 GET / 500 in 70ms (compile: 4ms, proxy.ts: 3ms, render: 64ms)
 POST /api/jobs/process 200 in 17ms (compile: 1442µs, proxy.ts: 3ms, render: 13ms)
✓ Compiled in 265ms
 GET / 500 in 2.5s (compile: 1177ms, proxy.ts: 2ms, render: 1314ms)
✓ Compiled in 200ms
 GET / 200 in 2.5s (compile: 1216ms, proxy.ts: 3ms, render: 1283ms)
 POST /api/jobs/process 200 in 19ms (compile: 2ms, proxy.ts: 2ms, render: 15ms)
Persisting failed: Unable to write SST file 00002909.sst

Caused by:
    O sistema não pode encontrar o caminho especificado. (os error 3)
Persisting failed: Another write batch or compaction is already active (Only a single write operations is allowed at a time)
