node.exe : C:\Users\d
ougc\Documents\Sistem
a Juridico\src\genera
ted\prisma\runtime\cl
ient.js:74
No linha:1 
caractere:1
+ & "C:\Program Files
\nodejs/node.exe" 
"C:\Program 
Files\nodejs/node_mo 
...
+ ~~~~~~~~~~~~~~~~~~~
~~~~~~~~~~~~~~~~~~~~~
~~~~~~~~~~~~~~~~~~~~~
~~~~~~~~
    + CategoryInfo   
           : NotSpe  
  cified: (C:\User   
 s\dougc\...me\cl    
ient.js:74:Strin    
g) [], RemoteExc    
eption
    + FullyQualified 
   ErrorId : Native  
  CommandError
 
${n}`}var $l=require(
"@prisma/client-runti
me-utils");function 
Vl(e){return e.length
===0?Promise.resolve(
[]):new 
Promise((t,r)=>{let 
n=new Array(e.length)
,i=null,o=!1,s=0,a=()
=>{o||(s++,s===e.leng
th&&(o=!0,i?r(i):t(n)
))},l=u=>{o||(o=!0,r(
u))};for(let u=0;u<e.
length;u++)e[u].then(
c=>{n[u]=c,a()},c=>{i
f(!(0,$l.hasBatchInde
x)(c)){l(c);return}c.
batchRequestIdx===u?l
(c):(i||(i=c),a())})}
)}var Ut=F("prisma:cl
ient");typeof globalT
his=="object"&&(globa
lThis.NODE_CLIENT=!0)
;var Tm={requestArgsT
oMiddlewareArgs:e=>e,
middlewareArgsToReque
stArgs:e=>e},Sm=Symbo
l.for("prisma.client.
transaction.id"),Am={
id:0,nextId(){return+
+this.id}};function 
Ql(e){class t{_origin
alClient=this;_runtim
eDataModel;_requestHa
ndler;_connectionProm
ise;_disconnectionPro
mise;_engineConfig;_a
ccelerateEngineConfig
;_clientVersion;_erro
rFormat;_tracingHelpe
r;_previewFeatures;_a
ctiveProvider;_global
Omit;_extensions;_eng
ine;_appliedParent;_c
reatePrismaPromise=pi
();constructor(n){if(
!n)throw new w.Prisma
ClientInitializationE
rror("`PrismaClient` 
needs to be 
constructed with a 
non-empty, valid `Pri
smaClientOptions`:\n\
n```\nnew 
PrismaClient({\n  ...
\n})\n```\n\nor\n\n``
`\nconstructor() {\n 
 super({ ... 
});\n}\n```\n        
  ",gi);e=n.__interna
l?.configOverride?.(e
)??e,Ll(n,e);let 
i=new Bl.EventEmitter
().on("error",()=>{})
;this._extensions=Ue.
empty(),this._preview
Features=e.previewFea
tures,this._clientVer
sion=e.clientVersion?
?gi,this._activeProvi
der=e.activeProvider,
this._globalOmit=n?.o
mit,this._tracingHelp
er=Sl();let o;if(n.ad
apter){o=n.adapter;le
t s=e.activeProvider=
=="postgresql"||e.act
iveProvider==="cockro
achdb"?"postgres":e.a
ctiveProvider;if(o.pr
ovider!==s)throw new 
w.PrismaClientInitial
izationError(`The 
Driver Adapter \`${o.
adapterName}\`, 
based on 
\`${o.provider}\`, 
is not compatible 
with the provider 
\`${s}\` specified 
in the Prisma schema.
`,this._clientVersion
)}try{let s=n??{},l=(
s.__internal??{}).deb
ug===!0;if(l&&F.enabl
e("prisma:client"),s.
errorFormat?this._err
orFormat=s.errorForma
t:process.env.NODE_EN
V==="production"?this
._errorFormat="minima
l":process.env.NO_COL
OR?this._errorFormat=
"colorless":this._err
orFormat="colorless",
this._runtimeDataMode
l=e.runtimeDataModel,
this._engineConfig={e
nableDebugLogs:l,logL
evel:s.log&&vl(s.log)
,logQueries:s.log&&!!
(typeof s.log=="strin
g"?s.log==="query":s.
log.find(u=>typeof u=
="string"?u==="query"
:u.level==="query")),
compilerWasm:e.compil
erWasm,clientVersion:
e.clientVersion,previ
ewFeatures:this._prev
iewFeatures,activePro
vider:e.activeProvide
r,inlineSchema:e.inli
neSchema,tracingHelpe
r:this._tracingHelper
,transactionOptions:{
maxWait:s.transaction
Options?.maxWait??2e3
,timeout:s.transactio
nOptions?.timeout??5e
3,isolationLevel:s.tr
ansactionOptions?.iso
lationLevel},logEmitt
er:i,adapter:o,accele
rateUrl:s.accelerateU
rl,sqlCommenters:s.co
mments,parameterizati
onSchema:e.parameteri
zationSchema,runtimeD
ataModel:e.runtimeDat
aModel},this._acceler
ateEngineConfig=Objec
t.create(this._engine
Config),this._acceler
ateEngineConfig.accel
erateUtils={resolveDa
tasourceUrl:()=>{if(s
.accelerateUrl)return
 s.accelerateUrl;thro
w new w.PrismaClientI
nitializationError(`\
`accelerateUrl\` is 
required when using \
`@prisma/extension-ac
celerate\`:
                     
                     
                     
                     
                     
                     
                     
                     
                     
                     
                     
                     
                     
                     
                     
                     
                     
                     
                     
                     
                     
                     
                     
                     
                     
                     
                     
                     
                     
                     
                     
                     
                     
                     
                     
                     
                     
                     
                     
                     
                     
                     
                     
                     
                     
              ^

PrismaClientInitializ
ationError: 
`PrismaClient` needs 
to be constructed 
with a non-empty, 
valid `PrismaClientOp
tions`:

```
new PrismaClient({
  ...
})
```

or

```
constructor() {
  super({ ... });
}
```
          
    at new t (C:\User
s\dougc\Documents\Sis
tema Juridico\src\gen
erated\prisma\runtime
\client.js:74:960)
    at bcrypt (C:\Use
rs\dougc\Documents\Si
stema Juridico\prisma
\seed.ts:5:16)
    at 
Object.<anonymous> (C
:\Users\dougc\Documen
ts\Sistema Juridico\p
risma\seed.ts:172:6)
    at 
Module._compile (node
:internal/modules/cjs
/loader:1760:14)
    at 
Object.transformer (C
:\Users\dougc\AppData
\Local\npm-cache\_npx
\fd45a72a545557e9\nod
e_modules\tsx\dist\re
gister-D46fvsV_.cjs:3
:1104)
    at Module.load (n
ode:internal/modules/
cjs/loader:1480:32)
    at Module._load (
node:internal/modules
/cjs/loader:1299:12)
    at TracingChannel
.traceSync (node:diag
nostics_channel:328:1
4)
    at 
wrapModuleLoad (node:
internal/modules/cjs/
loader:245:24)
    at loadCJSModuleW
ithModuleLoad (node:i
nternal/modules/esm/t
ranslators:339:3) {
  clientVersion: 
'7.4.0',
  errorCode: 
undefined,
  retryable: 
undefined
}

Node.js v25.2.1
